Using pre-set license
Built from '2020.3/staging' branch; Version is '2020.3.30f1 (1fb1bf06830e) revision 2077119'; Using compiler version '192528614'; Build Type 'Release'
OS: 'Windows 10  (10.0.19044) 64bit Core' Language: 'zh' Physical Memory: 32613 MB
BatchMode: 1, IsHumanControllingUs: 0, StartBugReporterOnCrash: 0, Is64bit: 1, IsPro: 0

COMMAND LINE ARGUMENTS:
D:\Program File\Unity\2020.3.30f1\Editor\Unity.exe
-adb2
-batchMode
-noUpm
-name
AssetImportWorker0
-projectPath
D:/github/Alive
-logFile
Logs/AssetImportWorker0.log
-srvPort
11675
Successfully changed project path to: D:/github/Alive
D:/github/Alive
Using Asset Import Pipeline V2.
Refreshing native plugins compatible for Editor in 78.70 ms, found 2 plugins.
Preloading 0 native plugins for Editor in 0.00 ms.
Initialize engine version: 2020.3.30f1 (1fb1bf06830e)
[Subsystems] Discovering subsystems at path D:/Program File/Unity/2020.3.30f1/Editor/Data/Resources/UnitySubsystems
[Subsystems] Discovering subsystems at path D:/github/Alive/Assets
GfxDevice: creating device client; threaded=0
Direct3D:
    Version:  Direct3D 11.0 [level 11.1]
    Renderer: NVIDIA GeForce GTX 1060 (ID=0x1c20)
    Vendor:   
    VRAM:     6052 MB
    Driver:   30.0.15.1215
Initialize mono
Mono path[0] = 'D:/Program File/Unity/2020.3.30f1/Editor/Data/Managed'
Mono path[1] = 'D:/Program File/Unity/2020.3.30f1/Editor/Data/MonoBleedingEdge/lib/mono/unityjit'
Mono config path = 'D:/Program File/Unity/2020.3.30f1/Editor/Data/MonoBleedingEdge/etc'
Using monoOptions --debugger-agent=transport=dt_socket,embedding=1,server=y,suspend=n,address=127.0.0.1:56276
Begin MonoManager ReloadAssembly
Registering precompiled unity dll's ...
Register platform support module: D:/Program File/Unity/2020.3.30f1/Editor/Data/PlaybackEngines/WindowsStandaloneSupport/UnityEditor.WindowsStandalone.Extensions.dll
Registered in 0.001722 seconds.
Native extension for WindowsStandalone target not found
Refreshing native plugins compatible for Editor in 91.56 ms, found 2 plugins.
Preloading 0 native plugins for Editor in 0.00 ms.
Mono: successfully reloaded assembly
- Completed reload, in  0.708 seconds
Domain Reload Profiling:
	ReloadAssembly (709ms)
		BeginReloadAssembly (92ms)
			ExecutionOrderSort (0ms)
			DisableScriptedObjects (0ms)
			BackupInstance (0ms)
			ReleaseScriptingObjects (0ms)
			CreateAndSetChildDomain (1ms)
		EndReloadAssembly (542ms)
			LoadAssemblies (92ms)
			RebuildTransferFunctionScriptingTraits (0ms)
			SetupTypeCache (188ms)
			ReleaseScriptCaches (0ms)
			RebuildScriptCaches (32ms)
			SetupLoadedEditorAssemblies (212ms)
				LogAssemblyErrors (0ms)
				InitializePlatformSupportModulesInManaged (4ms)
				SetLoadedEditorAssemblies (0ms)
				RefreshPlugins (92ms)
				BeforeProcessingInitializeOnLoad (20ms)
				ProcessInitializeOnLoadAttributes (72ms)
				ProcessInitializeOnLoadMethodAttributes (24ms)
				AfterProcessingInitializeOnLoad (0ms)
				EditorAssembliesLoaded (0ms)
			ExecutionOrderSort2 (0ms)
			AwakeInstancesAfterBackupRestoration (0ms)
Platform modules already initialized, skipping
Registering precompiled user dll's ...
Registered in 0.007758 seconds.
Begin MonoManager ReloadAssembly
Native extension for WindowsStandalone target not found
Refreshing native plugins compatible for Editor in 60.73 ms, found 2 plugins.
Preloading 0 native plugins for Editor in 0.00 ms.
Mono: successfully reloaded assembly
- Completed reload, in  1.918 seconds
Domain Reload Profiling:
	ReloadAssembly (1919ms)
		BeginReloadAssembly (165ms)
			ExecutionOrderSort (0ms)
			DisableScriptedObjects (4ms)
			BackupInstance (0ms)
			ReleaseScriptingObjects (0ms)
			CreateAndSetChildDomain (18ms)
		EndReloadAssembly (1701ms)
			LoadAssemblies (119ms)
			RebuildTransferFunctionScriptingTraits (0ms)
			SetupTypeCache (381ms)
			ReleaseScriptCaches (1ms)
			RebuildScriptCaches (58ms)
			SetupLoadedEditorAssemblies (1049ms)
				LogAssemblyErrors (0ms)
				InitializePlatformSupportModulesInManaged (3ms)
				SetLoadedEditorAssemblies (0ms)
				RefreshPlugins (61ms)
				BeforeProcessingInitializeOnLoad (90ms)
				ProcessInitializeOnLoadAttributes (864ms)
				ProcessInitializeOnLoadMethodAttributes (27ms)
				AfterProcessingInitializeOnLoad (3ms)
				EditorAssembliesLoaded (0ms)
			ExecutionOrderSort2 (0ms)
			AwakeInstancesAfterBackupRestoration (7ms)
Platform modules already initialized, skipping
========================================================================
Worker process is ready to serve import requests
Launched and connected shader compiler UnityShaderCompiler.exe after 0.06 seconds
Refreshing native plugins compatible for Editor in 0.86 ms, found 2 plugins.
Preloading 0 native plugins for Editor in 0.00 ms.
Unloading 3340 Unused Serialized files (Serialized files now loaded: 0)
System memory in use before: 149.6 MB.
System memory in use after: 146.7 MB.

Unloading 65 unused Assets to reduce memory usage. Loaded Objects now: 3786.
Total: 31.867300 ms (FindLiveObjects: 0.369400 ms CreateObjectMapping: 0.219000 ms MarkObjects: 29.896700 ms  DeleteObjects: 1.380800 ms)

AssetImportParameters requested are different than current active one (requested -> active):
  custom:framework-win-MediaFoundation: 216162199b28c13a410421893ffa2e32 -> 
  custom:video-decoder-ogg-theora: a1e56fd34408186e4bbccfd4996cb3dc -> 
  custom:container-muxer-webm: aa71ff27fc2769a1b78a27578f13a17b -> 
  custom:container-demuxer-webm: 4f35f7cbe854078d1ac9338744f61a02 -> 
  custom:container-demuxer-ogg: 62fdf1f143b41e24485cea50d1cbac27 -> 
  custom:video-encoder-webm-vp8: eb34c28f22e8b96e1ab97ce403110664 -> 
  custom:video-codec-MediaFoundation-h265: 746d11721c4dcdbdad8f713fa42b33f4 -> 
  custom:video-decoder-webm-vp8: 9c59270c3fd7afecdb556c50c9e8de78 -> 
  custom:audio-decoder-ogg-vorbis: bf7c407c2cedff20999df2af8eb42d56 -> 
  custom:audio-encoder-webm-vorbis: bf7c407c2cedff20999df2af8eb42d56 -> 
========================================================================
Received Import Request.
  path: Assets/Readme.asset
  artifactKey: Guid(4181bfe715a83e843b7538d750dc57cc) Importer(815301076,1909f56bfc062723c751e8b465ee728b)
Start importing Assets/Readme.asset using Guid(4181bfe715a83e843b7538d750dc57cc) Importer(815301076,1909f56bfc062723c751e8b465ee728b)  -> (artifact id: '60ce5eece7409e2bac9a4d1737e32765') in 0.044696 seconds 
========================================================================
Received Import Request.
  Time since last request: 0.000329 seconds.
  path: Assets/UniversalRenderPipelineAsset.asset
  artifactKey: Guid(5cd87e31ca5c78642875e9fb41e9d7e1) Importer(815301076,1909f56bfc062723c751e8b465ee728b)
Start importing Assets/UniversalRenderPipelineAsset.asset using Guid(5cd87e31ca5c78642875e9fb41e9d7e1) Importer(815301076,1909f56bfc062723c751e8b465ee728b)  -> (artifact id: '11855e6243dc63c82c89e5532a3445a7') in 0.006678 seconds 
========================================================================
Received Import Request.
  Time since last request: 0.000337 seconds.
  path: Assets/UniversalRenderPipelineAsset_Renderer.asset
  artifactKey: Guid(635ecd48c25793d459ce38c1c0495493) Importer(815301076,1909f56bfc062723c751e8b465ee728b)
Start importing Assets/UniversalRenderPipelineAsset_Renderer.asset using Guid(635ecd48c25793d459ce38c1c0495493) Importer(815301076,1909f56bfc062723c751e8b465ee728b)  -> (artifact id: '1aac65509d697b5015bde03679333c67') in 0.006639 seconds 
========================================================================
Received Import Request.
  Time since last request: 4.341101 seconds.
  path: Assets/TutorialInfo
  artifactKey: Guid(b3666c4e28d1eda44b016842185a972b) Importer(815301076,1909f56bfc062723c751e8b465ee728b)
Start importing Assets/TutorialInfo using Guid(b3666c4e28d1eda44b016842185a972b) Importer(815301076,1909f56bfc062723c751e8b465ee728b)  -> (artifact id: '4f582dabcf4f3aa340b4e02f1023edcb') in 0.026598 seconds 
========================================================================
Received Import Request.
  Time since last request: 2.474108 seconds.
  path: Assets/Post_Processing
  artifactKey: Guid(b6fa2d784e5acf64ab09b0d8d65fbe0b) Importer(815301076,1909f56bfc062723c751e8b465ee728b)
Start importing Assets/Post_Processing using Guid(b6fa2d784e5acf64ab09b0d8d65fbe0b) Importer(815301076,1909f56bfc062723c751e8b465ee728b)  -> (artifact id: '39e7dff44cfabc63eb921fd4d11ec8e0') in 0.006365 seconds 
========================================================================
Received Import Request.
  Time since last request: 1.302071 seconds.
  path: Assets/Mobile
  artifactKey: Guid(1d9a48e14080daf4794b86b4911eef32) Importer(815301076,1909f56bfc062723c751e8b465ee728b)
Start importing Assets/Mobile using Guid(1d9a48e14080daf4794b86b4911eef32) Importer(815301076,1909f56bfc062723c751e8b465ee728b)  -> (artifact id: 'ff91fb7104fead9cc6addf8423c99bb7') in 0.007321 seconds 
========================================================================
Received Import Request.
  Time since last request: 0.295304 seconds.
  path: Assets/Model
  artifactKey: Guid(9184df3b28154754694cbb2c31dff312) Importer(815301076,1909f56bfc062723c751e8b465ee728b)
Start importing Assets/Model using Guid(9184df3b28154754694cbb2c31dff312) Importer(815301076,1909f56bfc062723c751e8b465ee728b)  -> (artifact id: '4c0046c6b9c8292926854cb6428fd87e') in 0.007497 seconds 
========================================================================
Received Import Request.
  Time since last request: 0.627938 seconds.
  path: Assets/Plugins
  artifactKey: Guid(13ed890f184e5a74191a26d7ce1fb167) Importer(815301076,1909f56bfc062723c751e8b465ee728b)
Start importing Assets/Plugins using Guid(13ed890f184e5a74191a26d7ce1fb167) Importer(815301076,1909f56bfc062723c751e8b465ee728b)  -> (artifact id: '8525e458af43731d2cae1dd105679628') in 0.007458 seconds 
========================================================================
Received Import Request.
  Time since last request: 20.906222 seconds.
  path: Assets/Scenes
  artifactKey: Guid(560d37d8517c937418f56f4db8462f7f) Importer(815301076,1909f56bfc062723c751e8b465ee728b)
Start importing Assets/Scenes using Guid(560d37d8517c937418f56f4db8462f7f) Importer(815301076,1909f56bfc062723c751e8b465ee728b)  -> (artifact id: 'c96e27b640172e1454e271a624704129') in 0.007723 seconds 
========================================================================
Received Prepare
Registering precompiled user dll's ...
Registered in 0.008691 seconds.
Begin MonoManager ReloadAssembly
Native extension for WindowsStandalone target not found
Refreshing native plugins compatible for Editor in 0.74 ms, found 2 plugins.
Preloading 0 native plugins for Editor in 0.00 ms.
Mono: successfully reloaded assembly
- Completed reload, in  2.360 seconds
Domain Reload Profiling:
	ReloadAssembly (2361ms)
		BeginReloadAssembly (140ms)
			ExecutionOrderSort (0ms)
			DisableScriptedObjects (5ms)
			BackupInstance (0ms)
			ReleaseScriptingObjects (0ms)
			CreateAndSetChildDomain (48ms)
		EndReloadAssembly (2168ms)
			LoadAssemblies (120ms)
			RebuildTransferFunctionScriptingTraits (0ms)
			SetupTypeCache (361ms)
			ReleaseScriptCaches (1ms)
			RebuildScriptCaches (45ms)
			SetupLoadedEditorAssemblies (1553ms)
				LogAssemblyErrors (0ms)
				InitializePlatformSupportModulesInManaged (3ms)
				SetLoadedEditorAssemblies (0ms)
				RefreshPlugins (1ms)
				BeforeProcessingInitializeOnLoad (79ms)
				ProcessInitializeOnLoadAttributes (1451ms)
				ProcessInitializeOnLoadMethodAttributes (15ms)
				AfterProcessingInitializeOnLoad (2ms)
				EditorAssembliesLoaded (0ms)
			ExecutionOrderSort2 (0ms)
			AwakeInstancesAfterBackupRestoration (8ms)
Platform modules already initialized, skipping
Refreshing native plugins compatible for Editor in 0.75 ms, found 2 plugins.
Preloading 0 native plugins for Editor in 0.00 ms.
Unloading 3484 Unused Serialized files (Serialized files now loaded: 0)
System memory in use before: 153.3 MB.
System memory in use after: 150.5 MB.

Unloading 61 unused Assets to reduce memory usage. Loaded Objects now: 4010.
Total: 32.447600 ms (FindLiveObjects: 0.284800 ms CreateObjectMapping: 0.150500 ms MarkObjects: 30.697600 ms  DeleteObjects: 1.314000 ms)

AssetImportParameters requested are different than current active one (requested -> active):
  custom:framework-win-MediaFoundation: 216162199b28c13a410421893ffa2e32 -> 
  custom:video-decoder-ogg-theora: a1e56fd34408186e4bbccfd4996cb3dc -> 
  custom:container-muxer-webm: aa71ff27fc2769a1b78a27578f13a17b -> 
  custom:container-demuxer-webm: 4f35f7cbe854078d1ac9338744f61a02 -> 
  custom:container-demuxer-ogg: 62fdf1f143b41e24485cea50d1cbac27 -> 
  custom:video-encoder-webm-vp8: eb34c28f22e8b96e1ab97ce403110664 -> 
  custom:video-codec-MediaFoundation-h265: 746d11721c4dcdbdad8f713fa42b33f4 -> 
  custom:video-decoder-webm-vp8: 9c59270c3fd7afecdb556c50c9e8de78 -> 
  custom:audio-decoder-ogg-vorbis: bf7c407c2cedff20999df2af8eb42d56 -> 
  custom:audio-encoder-webm-vorbis: bf7c407c2cedff20999df2af8eb42d56 -> 
========================================================================
Received Prepare
Registering precompiled user dll's ...
Registered in 0.029741 seconds.
Begin MonoManager ReloadAssembly
Native extension for WindowsStandalone target not found
Refreshing native plugins compatible for Editor in 0.76 ms, found 2 plugins.
Preloading 0 native plugins for Editor in 0.00 ms.
Mono: successfully reloaded assembly
- Completed reload, in  1.985 seconds
Domain Reload Profiling:
	ReloadAssembly (1985ms)
		BeginReloadAssembly (144ms)
			ExecutionOrderSort (0ms)
			DisableScriptedObjects (5ms)
			BackupInstance (0ms)
			ReleaseScriptingObjects (0ms)
			CreateAndSetChildDomain (52ms)
		EndReloadAssembly (1792ms)
			LoadAssemblies (124ms)
			RebuildTransferFunctionScriptingTraits (0ms)
			SetupTypeCache (396ms)
			ReleaseScriptCaches (1ms)
			RebuildScriptCaches (42ms)
			SetupLoadedEditorAssemblies (1147ms)
				LogAssemblyErrors (0ms)
				InitializePlatformSupportModulesInManaged (3ms)
				SetLoadedEditorAssemblies (0ms)
				RefreshPlugins (1ms)
				BeforeProcessingInitializeOnLoad (88ms)
				ProcessInitializeOnLoadAttributes (1037ms)
				ProcessInitializeOnLoadMethodAttributes (15ms)
				AfterProcessingInitializeOnLoad (2ms)
				EditorAssembliesLoaded (0ms)
			ExecutionOrderSort2 (0ms)
			AwakeInstancesAfterBackupRestoration (8ms)
Platform modules already initialized, skipping
Refreshing native plugins compatible for Editor in 1.07 ms, found 2 plugins.
Preloading 0 native plugins for Editor in 0.00 ms.
Unloading 3659 Unused Serialized files (Serialized files now loaded: 0)
System memory in use before: 162.6 MB.
System memory in use after: 158.5 MB.

Unloading 94 unused Assets to reduce memory usage. Loaded Objects now: 4159.
Total: 33.646400 ms (FindLiveObjects: 0.310900 ms CreateObjectMapping: 0.187600 ms MarkObjects: 31.092100 ms  DeleteObjects: 2.054200 ms)

AssetImportParameters requested are different than current active one (requested -> active):
  custom:framework-win-MediaFoundation: 216162199b28c13a410421893ffa2e32 -> 
  custom:video-decoder-ogg-theora: a1e56fd34408186e4bbccfd4996cb3dc -> 
  custom:container-muxer-webm: aa71ff27fc2769a1b78a27578f13a17b -> 
  custom:container-demuxer-webm: 4f35f7cbe854078d1ac9338744f61a02 -> 
  custom:container-demuxer-ogg: 62fdf1f143b41e24485cea50d1cbac27 -> 
  custom:video-encoder-webm-vp8: eb34c28f22e8b96e1ab97ce403110664 -> 
  custom:video-codec-MediaFoundation-h265: 746d11721c4dcdbdad8f713fa42b33f4 -> 
  custom:video-decoder-webm-vp8: 9c59270c3fd7afecdb556c50c9e8de78 -> 
  custom:audio-decoder-ogg-vorbis: bf7c407c2cedff20999df2af8eb42d56 -> 
  custom:audio-encoder-webm-vorbis: bf7c407c2cedff20999df2af8eb42d56 -> 
========================================================================
Received Import Request.
  Time since last request: 296.903559 seconds.
  path: Assets/K2Examples
  artifactKey: Guid(a1965acbc22061947a2706332ea5dd9b) Importer(815301076,1909f56bfc062723c751e8b465ee728b)
Start importing Assets/K2Examples using Guid(a1965acbc22061947a2706332ea5dd9b) Importer(815301076,1909f56bfc062723c751e8b465ee728b)  -> (artifact id: 'c6220f5aa6215a9fda2af80750c0b75f') in 0.009845 seconds 
========================================================================
Received Import Request.
  Time since last request: 207.808011 seconds.
  path: Assets/Fonts/GenYoMinTW-Regular.ttf
  artifactKey: Guid(3c357b03405b61b498a43a895177929c) Importer(815301076,1909f56bfc062723c751e8b465ee728b)
Start importing Assets/Fonts/GenYoMinTW-Regular.ttf using Guid(3c357b03405b61b498a43a895177929c) Importer(815301076,1909f56bfc062723c751e8b465ee728b)  -> (artifact id: '81c766be5f16ebb47d590c23f8b88298') in 0.324086 seconds 
========================================================================
Received Import Request.
  Time since last request: 0.000292 seconds.
  path: Assets/K2Examples/KinectDemos/SpeechRecognitionDemo/Animations/Jump.fbx
  artifactKey: Guid(cbb67ab5509bfe24dba7db2d65a9632f) Importer(815301076,1909f56bfc062723c751e8b465ee728b)
Start importing Assets/K2Examples/KinectDemos/SpeechRecognitionDemo/Animations/Jump.fbx using Guid(cbb67ab5509bfe24dba7db2d65a9632f) Importer(815301076,1909f56bfc062723c751e8b465ee728b)  -> (artifact id: 'c0777209caedc265055cf0290c55b0ca') in 0.428750 seconds 
========================================================================
Received Import Request.
  Time since last request: 0.000293 seconds.
  path: Assets/K2Examples/KinectDemos/SpeechRecognitionDemo/Animations/IdlesWave.fbx
  artifactKey: Guid(c387a0e47b4244f2b86c50372341024a) Importer(815301076,1909f56bfc062723c751e8b465ee728b)
Start importing Assets/K2Examples/KinectDemos/SpeechRecognitionDemo/Animations/IdlesWave.fbx using Guid(c387a0e47b4244f2b86c50372341024a) Importer(815301076,1909f56bfc062723c751e8b465ee728b)  -> (artifact id: '2976c557f51327b8232c4b5b8ad3a8d5') in 0.270783 seconds 
========================================================================
Received Import Request.
  Time since last request: 0.000314 seconds.
  path: Assets/K2Examples/KinectDemos/SpeechRecognitionDemo/Animations/Runs.fbx
  artifactKey: Guid(7333bec06e04c4b6e9d78bd6e890dfb1) Importer(815301076,1909f56bfc062723c751e8b465ee728b)
Start importing Assets/K2Examples/KinectDemos/SpeechRecognitionDemo/Animations/Runs.fbx using Guid(7333bec06e04c4b6e9d78bd6e890dfb1) Importer(815301076,1909f56bfc062723c751e8b465ee728b)  -> (artifact id: '7979e04fedf642a4b9933d10a0969906') in 0.262490 seconds 
========================================================================
Received Import Request.
  Time since last request: 0.000295 seconds.
  path: Assets/K2Examples/KinectDemos/SpeechRecognitionDemo/Animations/WalkForward.fbx
  artifactKey: Guid(04f4c7cb5e9914c1aaff9215d330728a) Importer(815301076,1909f56bfc062723c751e8b465ee728b)
Start importing Assets/K2Examples/KinectDemos/SpeechRecognitionDemo/Animations/WalkForward.fbx using Guid(04f4c7cb5e9914c1aaff9215d330728a) Importer(815301076,1909f56bfc062723c751e8b465ee728b)  -> (artifact id: 'd008b0a4b983627e21c90b0c5baf06cc') in 0.271137 seconds 
========================================================================
Received Import Request.
  Time since last request: 0.000278 seconds.
  path: Assets/K2Examples/KinectDemos/SpeechRecognitionDemo/Animations/WalkBack.fbx
  artifactKey: Guid(665a030bd0eda4073b9a696237b5af76) Importer(815301076,1909f56bfc062723c751e8b465ee728b)
Start importing Assets/K2Examples/KinectDemos/SpeechRecognitionDemo/Animations/WalkBack.fbx using Guid(665a030bd0eda4073b9a696237b5af76) Importer(815301076,1909f56bfc062723c751e8b465ee728b)  -> (artifact id: '8551c8d3f4cddba483174f1aa8ff428a') in 0.277338 seconds 
========================================================================
Received Import Request.
  Time since last request: 0.000275 seconds.
  path: Assets/K2Examples/Resources/GUIReticle.tif
  artifactKey: Guid(4dbdb5a072a3da84b933092439a57b24) Importer(815301076,1909f56bfc062723c751e8b465ee728b)
Start importing Assets/K2Examples/Resources/GUIReticle.tif using Guid(4dbdb5a072a3da84b933092439a57b24) Importer(815301076,1909f56bfc062723c751e8b465ee728b)  -> (artifact id: '87fd9853b289cf0cff289c04d6d6840a') in 0.029582 seconds 
========================================================================
Received Import Request.
  Time since last request: 0.000290 seconds.
  path: Assets/K2Examples/KinectDemos/SpeechRecognitionDemo/Animations/WalkBackandTurn.fbx
  artifactKey: Guid(66e521740e4044e1b8a7fff5876160b8) Importer(815301076,1909f56bfc062723c751e8b465ee728b)
Start importing Assets/K2Examples/KinectDemos/SpeechRecognitionDemo/Animations/WalkBackandTurn.fbx using Guid(66e521740e4044e1b8a7fff5876160b8) Importer(815301076,1909f56bfc062723c751e8b465ee728b)  -> (artifact id: '16cd54d5c211ec5980131dca657e825f') in 0.276018 seconds 
========================================================================
Received Import Request.
  Time since last request: 0.000301 seconds.
  path: Assets/K2Examples/KinectDemos/SpeechRecognitionDemo/Animations/Idles.fbx
  artifactKey: Guid(ce448a8080b4e934b8473badd27be402) Importer(815301076,1909f56bfc062723c751e8b465ee728b)
Start importing Assets/K2Examples/KinectDemos/SpeechRecognitionDemo/Animations/Idles.fbx using Guid(ce448a8080b4e934b8473badd27be402) Importer(815301076,1909f56bfc062723c751e8b465ee728b)  -> (artifact id: '3f24fa904fea3e18b0610a6c9cba8eaa') in 0.281886 seconds 
========================================================================
Received Import Request.
  Time since last request: 0.000280 seconds.
  path: Assets/K2Examples/KinectDemos/SpeechRecognitionDemo/Animations/WalkForwardTurns.fbx
  artifactKey: Guid(568cdc2a12387419f9e264beb3ef0265) Importer(815301076,1909f56bfc062723c751e8b465ee728b)
Start importing Assets/K2Examples/KinectDemos/SpeechRecognitionDemo/Animations/WalkForwardTurns.fbx using Guid(568cdc2a12387419f9e264beb3ef0265) Importer(815301076,1909f56bfc062723c751e8b465ee728b)  -> (artifact id: '7ebed5b74f8e395e3f73a833fa1b6f75') in 0.282196 seconds 
========================================================================
Received Import Request.
  Time since last request: 0.000292 seconds.
  path: Assets/K2Examples/KinectDemos/SpeechRecognitionDemo/Animations/Materials/TongueMaterial.mat
  artifactKey: Guid(26f8140631a114959978c0d3342f8cf5) Importer(815301076,1909f56bfc062723c751e8b465ee728b)
Start importing Assets/K2Examples/KinectDemos/SpeechRecognitionDemo/Animations/Materials/TongueMaterial.mat using Guid(26f8140631a114959978c0d3342f8cf5) Importer(815301076,1909f56bfc062723c751e8b465ee728b)  -> (artifact id: '15724f04c61e8866bcad592b365767be') in 0.014357 seconds 
========================================================================
Received Import Request.
  Time since last request: 4.641680 seconds.
  path: Assets/K2Examples/KinectScripts
  artifactKey: Guid(26d013e3b64b1b049996b316995cf9d7) Importer(815301076,1909f56bfc062723c751e8b465ee728b)
Start importing Assets/K2Examples/KinectScripts using Guid(26d013e3b64b1b049996b316995cf9d7) Importer(815301076,1909f56bfc062723c751e8b465ee728b)  -> (artifact id: 'b900be9c77f5994e779a33145a661050') in 0.006729 seconds 
========================================================================
Received Import Request.
  Time since last request: 10.134966 seconds.
  path: Assets/Plugins/Sirenix/Odin Inspector/Config/Editor/AOTGenerationConfig.asset
  artifactKey: Guid(4b191dc585d987f4e900065faf57669e) Importer(815301076,1909f56bfc062723c751e8b465ee728b)
Start importing Assets/Plugins/Sirenix/Odin Inspector/Config/Editor/AOTGenerationConfig.asset using Guid(4b191dc585d987f4e900065faf57669e) Importer(815301076,1909f56bfc062723c751e8b465ee728b)  -> (artifact id: 'b81643abd5a484959db95f85a5d95b49') in 0.019429 seconds 
========================================================================
Received Import Request.
  Time since last request: 0.000323 seconds.
  path: Assets/K2Examples/KinectDemos/BackgroundRemovalDemo/Textures/background-wallpaper1.png
  artifactKey: Guid(1e22269c00c30164e9356ecac34feae6) Importer(815301076,1909f56bfc062723c751e8b465ee728b)
Start importing Assets/K2Examples/KinectDemos/BackgroundRemovalDemo/Textures/background-wallpaper1.png using Guid(1e22269c00c30164e9356ecac34feae6) Importer(815301076,1909f56bfc062723c751e8b465ee728b)  -> (artifact id: 'd81e248065a6752f55a026b195025e77') in 0.053148 seconds 
========================================================================
Received Import Request.
  Time since last request: 0.000321 seconds.
  path: Assets/K2Examples/KinectDemos/FittingRoomDemo/Resources/Clothing/0001/model.fbx
  artifactKey: Guid(edce3859eef3bc343acede88d27a3484) Importer(815301076,1909f56bfc062723c751e8b465ee728b)
Start importing Assets/K2Examples/KinectDemos/FittingRoomDemo/Resources/Clothing/0001/model.fbx using Guid(edce3859eef3bc343acede88d27a3484) Importer(815301076,1909f56bfc062723c751e8b465ee728b)  -> (artifact id: 'c7639cb0990b6e5028da3ddc292eaf75') in 0.099569 seconds 
========================================================================
Received Import Request.
  Time since last request: 0.000228 seconds.
  path: Assets/Plugins/Sirenix/Odin Inspector/Config/Editor/GeneralDrawerConfig.asset
  artifactKey: Guid(0d1ab62bcb1f70b4aa931f54cd527b2f) Importer(815301076,1909f56bfc062723c751e8b465ee728b)
Start importing Assets/Plugins/Sirenix/Odin Inspector/Config/Editor/GeneralDrawerConfig.asset using Guid(0d1ab62bcb1f70b4aa931f54cd527b2f) Importer(815301076,1909f56bfc062723c751e8b465ee728b)  -> (artifact id: 'f4c10444efcd85a83befda00194376df') in 0.007167 seconds 
========================================================================
Received Import Request.
  Time since last request: 0.000329 seconds.
  path: Assets/Model/Elli/Ellis2.fbx
  artifactKey: Guid(87f5d56a7c7c3d44ab8f425f3c36e1b8) Importer(815301076,1909f56bfc062723c751e8b465ee728b)
Start importing Assets/Model/Elli/Ellis2.fbx using Guid(87f5d56a7c7c3d44ab8f425f3c36e1b8) Importer(815301076,1909f56bfc062723c751e8b465ee728b)  -> (artifact id: 'b5bc8f36889a5c4c3e265b16fe4a4125') in 0.205431 seconds 
========================================================================
Received Import Request.
  Time since last request: 0.000299 seconds.
  path: Assets/K2Examples/KinectDemos/FittingRoomDemo/Resources/Clothing/0002/model.fbx
  artifactKey: Guid(505a01dcf0dc62a49810e14203d7c440) Importer(815301076,1909f56bfc062723c751e8b465ee728b)
Start importing Assets/K2Examples/KinectDemos/FittingRoomDemo/Resources/Clothing/0002/model.fbx using Guid(505a01dcf0dc62a49810e14203d7c440) Importer(815301076,1909f56bfc062723c751e8b465ee728b)  -> (artifact id: '557e256de5d712f74ac372e7fa7e3830') in 0.023657 seconds 
========================================================================
Received Import Request.
  Time since last request: 0.000258 seconds.
  path: Assets/Model/Elli/Ellis Walking.fbx
  artifactKey: Guid(55ef4fbb9714ea14c80fb3e403a2b88b) Importer(815301076,1909f56bfc062723c751e8b465ee728b)
Start importing Assets/Model/Elli/Ellis Walking.fbx using Guid(55ef4fbb9714ea14c80fb3e403a2b88b) Importer(815301076,1909f56bfc062723c751e8b465ee728b)  -> (artifact id: '61271a285086c5a3dc18fcf0f89e79e6') in 0.213267 seconds 
========================================================================
Received Import Request.
  Time since last request: 0.000287 seconds.
  path: Assets/K2Examples/KinectDemos/BackgroundRemovalDemo/Textures/foreground-wallpaper1.png
  artifactKey: Guid(2f46e895a24caf74f83731fbb88bf47b) Importer(815301076,1909f56bfc062723c751e8b465ee728b)
Start importing Assets/K2Examples/KinectDemos/BackgroundRemovalDemo/Textures/foreground-wallpaper1.png using Guid(2f46e895a24caf74f83731fbb88bf47b) Importer(815301076,1909f56bfc062723c751e8b465ee728b)  -> (artifact id: '5e80bafe49397aedc02cb674560b6bcb') in 0.012843 seconds 
========================================================================
Received Import Request.
  Time since last request: 0.000309 seconds.
  path: Assets/K2Examples/KinectDemos/FittingRoomDemo/Prefabs/DressingMenuItem.prefab
  artifactKey: Guid(038244cd5dd1c8c4ca35b343de06efce) Importer(815301076,1909f56bfc062723c751e8b465ee728b)
Start importing Assets/K2Examples/KinectDemos/FittingRoomDemo/Prefabs/DressingMenuItem.prefab using Guid(038244cd5dd1c8c4ca35b343de06efce) Importer(815301076,1909f56bfc062723c751e8b465ee728b)  -> (artifact id: '1cd7a054e829bf5f1f6771c075b51870') in 0.023184 seconds 
========================================================================
Received Import Request.
  Time since last request: 0.000374 seconds.
  path: Assets/K2Examples/KinectDemos/AvatarsDemo/Cubeman/DebugLine.prefab
  artifactKey: Guid(db0437ba8ecaf7a44833b56ad5858ecd) Importer(815301076,1909f56bfc062723c751e8b465ee728b)
Start importing Assets/K2Examples/KinectDemos/AvatarsDemo/Cubeman/DebugLine.prefab using Guid(db0437ba8ecaf7a44833b56ad5858ecd) Importer(815301076,1909f56bfc062723c751e8b465ee728b)  -> (artifact id: '7d5f03697781190ad3dfbe3c490eddee') in 0.036037 seconds 
========================================================================
Received Import Request.
  Time since last request: 0.000284 seconds.
  path: Assets/Model/Erin/Erin_no anima.fbx
  artifactKey: Guid(5ed1238e0215a844a9d8d16d36f98b05) Importer(815301076,1909f56bfc062723c751e8b465ee728b)
Start importing Assets/Model/Erin/Erin_no anima.fbx using Guid(5ed1238e0215a844a9d8d16d36f98b05) Importer(815301076,1909f56bfc062723c751e8b465ee728b)  -> (artifact id: 'b4d25a2fa21ee62d2dc15a64f424915e') in 0.225674 seconds 
========================================================================
Received Import Request.
  Time since last request: 0.000330 seconds.
  path: Assets/K2Examples/KinectDemos/OverlayDemo/Sprites/Medusa/Dragon_staff_detail.png
  artifactKey: Guid(2a7c943d8ec212c49bba9f8d845952f8) Importer(815301076,1909f56bfc062723c751e8b465ee728b)
Start importing Assets/K2Examples/KinectDemos/OverlayDemo/Sprites/Medusa/Dragon_staff_detail.png using Guid(2a7c943d8ec212c49bba9f8d845952f8) Importer(815301076,1909f56bfc062723c751e8b465ee728b)  -> (artifact id: '9ee934777276b01d5afb76b36d5847ce') in 0.015145 seconds 
========================================================================
Received Import Request.
  Time since last request: 0.000279 seconds.
  path: Assets/K2Examples/KinectDemos/FittingRoomDemo/Resources/Clothing/0000/model.fbx
  artifactKey: Guid(8b7729a481b44094f98a2083ede9e01a) Importer(815301076,1909f56bfc062723c751e8b465ee728b)
Start importing Assets/K2Examples/KinectDemos/FittingRoomDemo/Resources/Clothing/0000/model.fbx using Guid(8b7729a481b44094f98a2083ede9e01a) Importer(815301076,1909f56bfc062723c751e8b465ee728b)  -> (artifact id: '3cd39765709d656eb31914fb5096c6e4') in 0.022535 seconds 
========================================================================
Received Import Request.
  Time since last request: 0.000299 seconds.
  path: Assets/K2Examples/KinectDemos/AvatarsDemo/Cubeman/Materials/CubeMapRight.mat
  artifactKey: Guid(1c06226d11ee08949ad031a41757c461) Importer(815301076,1909f56bfc062723c751e8b465ee728b)
Start importing Assets/K2Examples/KinectDemos/AvatarsDemo/Cubeman/Materials/CubeMapRight.mat using Guid(1c06226d11ee08949ad031a41757c461) Importer(815301076,1909f56bfc062723c751e8b465ee728b)  -> (artifact id: 'bb5d08266169b70818d3244ccc79ae2b') in 0.010462 seconds 
========================================================================
Received Import Request.
  Time since last request: 0.000315 seconds.
  path: Assets/K2Examples/KinectDemos/FittingRoomDemo/Prefabs/DressingMenu.prefab
  artifactKey: Guid(b84df344532675640b2cd8897e0545ad) Importer(815301076,1909f56bfc062723c751e8b465ee728b)
Start importing Assets/K2Examples/KinectDemos/FittingRoomDemo/Prefabs/DressingMenu.prefab using Guid(b84df344532675640b2cd8897e0545ad) Importer(815301076,1909f56bfc062723c751e8b465ee728b)  -> (artifact id: '696f229bd5ee3c55c86575a47dff0ed7') in 0.019781 seconds 
========================================================================
Received Import Request.
  Time since last request: 0.000329 seconds.
  path: Assets/K2Examples/KinectDemos/ColliderDemo/Materials/EggPrefab.prefab
  artifactKey: Guid(22e1778528985b342829dbd4f4252bfc) Importer(815301076,1909f56bfc062723c751e8b465ee728b)
Start importing Assets/K2Examples/KinectDemos/ColliderDemo/Materials/EggPrefab.prefab using Guid(22e1778528985b342829dbd4f4252bfc) Importer(815301076,1909f56bfc062723c751e8b465ee728b)  -> (artifact id: 'a2245540edc01f6afb9bc14f54340553') in 0.013513 seconds 
========================================================================
Received Import Request.
  Time since last request: 8.240704 seconds.
  path: Assets/K2Examples/KinectScripts/KinectGestures.cs
  artifactKey: Guid(60b976a1901bb5d478901026c07729cb) Importer(815301076,1909f56bfc062723c751e8b465ee728b)
Start importing Assets/K2Examples/KinectScripts/KinectGestures.cs using Guid(60b976a1901bb5d478901026c07729cb) Importer(815301076,1909f56bfc062723c751e8b465ee728b)  -> (artifact id: '2ad21f062ccde3c5c9be316df8b20266') in 0.015746 seconds 
========================================================================
Received Import Request.
  Time since last request: 70.443893 seconds.
  path: Assets/K2Examples/KinectScripts/Samples/SimpleVisualGestureListener.cs
  artifactKey: Guid(f77b8503eb07d304ab4e80d9d81199da) Importer(815301076,1909f56bfc062723c751e8b465ee728b)
Start importing Assets/K2Examples/KinectScripts/Samples/SimpleVisualGestureListener.cs using Guid(f77b8503eb07d304ab4e80d9d81199da) Importer(815301076,1909f56bfc062723c751e8b465ee728b)  -> (artifact id: '1474203aeeaf1c360bb1337e3b1d52dd') in 0.007600 seconds 
========================================================================
Received Import Request.
  Time since last request: 4.327814 seconds.
  path: Assets/K2Examples/KinectScripts/VisualGestureManager.cs
  artifactKey: Guid(b580278bd03d25549ae70b8b168d3185) Importer(815301076,1909f56bfc062723c751e8b465ee728b)
Start importing Assets/K2Examples/KinectScripts/VisualGestureManager.cs using Guid(b580278bd03d25549ae70b8b168d3185) Importer(815301076,1909f56bfc062723c751e8b465ee728b)  -> (artifact id: '730d11d7d9c37a5dc3f35f805a24d1f1') in 0.009599 seconds 
========================================================================
Received Prepare
Registering precompiled user dll's ...
Registered in 0.011153 seconds.
Begin MonoManager ReloadAssembly
Native extension for WindowsStandalone target not found
Refreshing native plugins compatible for Editor in 0.91 ms, found 2 plugins.
Preloading 0 native plugins for Editor in 0.00 ms.
Mono: successfully reloaded assembly
- Completed reload, in  2.484 seconds
Domain Reload Profiling:
	ReloadAssembly (2484ms)
		BeginReloadAssembly (188ms)
			ExecutionOrderSort (0ms)
			DisableScriptedObjects (6ms)
			BackupInstance (0ms)
			ReleaseScriptingObjects (0ms)
			CreateAndSetChildDomain (59ms)
		EndReloadAssembly (2219ms)
			LoadAssemblies (165ms)
			RebuildTransferFunctionScriptingTraits (0ms)
			SetupTypeCache (444ms)
			ReleaseScriptCaches (2ms)
			RebuildScriptCaches (50ms)
			SetupLoadedEditorAssemblies (1439ms)
				LogAssemblyErrors (0ms)
				InitializePlatformSupportModulesInManaged (4ms)
				SetLoadedEditorAssemblies (1ms)
				RefreshPlugins (1ms)
				BeforeProcessingInitializeOnLoad (98ms)
				ProcessInitializeOnLoadAttributes (1315ms)
				ProcessInitializeOnLoadMethodAttributes (17ms)
				AfterProcessingInitializeOnLoad (3ms)
				EditorAssembliesLoaded (0ms)
			ExecutionOrderSort2 (0ms)
			AwakeInstancesAfterBackupRestoration (13ms)
Platform modules already initialized, skipping
Refreshing native plugins compatible for Editor in 1.12 ms, found 2 plugins.
Preloading 0 native plugins for Editor in 0.00 ms.
Unloading 3659 Unused Serialized files (Serialized files now loaded: 0)
System memory in use before: 184.0 MB.
System memory in use after: 180.0 MB.

Unloading 98 unused Assets to reduce memory usage. Loaded Objects now: 4258.
Total: 42.976400 ms (FindLiveObjects: 0.386100 ms CreateObjectMapping: 0.295600 ms MarkObjects: 39.805900 ms  DeleteObjects: 2.487200 ms)

AssetImportParameters requested are different than current active one (requested -> active):
  custom:framework-win-MediaFoundation: 216162199b28c13a410421893ffa2e32 -> 
  custom:video-decoder-ogg-theora: a1e56fd34408186e4bbccfd4996cb3dc -> 
  custom:container-muxer-webm: aa71ff27fc2769a1b78a27578f13a17b -> 
  custom:container-demuxer-webm: 4f35f7cbe854078d1ac9338744f61a02 -> 
  custom:container-demuxer-ogg: 62fdf1f143b41e24485cea50d1cbac27 -> 
  custom:video-encoder-webm-vp8: eb34c28f22e8b96e1ab97ce403110664 -> 
  custom:video-codec-MediaFoundation-h265: 746d11721c4dcdbdad8f713fa42b33f4 -> 
  custom:video-decoder-webm-vp8: 9c59270c3fd7afecdb556c50c9e8de78 -> 
  custom:audio-decoder-ogg-vorbis: bf7c407c2cedff20999df2af8eb42d56 -> 
  custom:audio-encoder-webm-vorbis: bf7c407c2cedff20999df2af8eb42d56 -> 
========================================================================
Received Import Request.
  Time since last request: 110.144526 seconds.
  path: Assets/K2Examples/KinectScripts/VisualGestureManager.cs
  artifactKey: Guid(b580278bd03d25549ae70b8b168d3185) Importer(815301076,1909f56bfc062723c751e8b465ee728b)
Start importing Assets/K2Examples/KinectScripts/VisualGestureManager.cs using Guid(b580278bd03d25549ae70b8b168d3185) Importer(815301076,1909f56bfc062723c751e8b465ee728b)  -> (artifact id: '631bb5c301c12dc4f66190fc11e66942') in 0.008080 seconds 
========================================================================
Received Import Request.
  Time since last request: 38.514205 seconds.
  path: Assets/StreamingAssets
  artifactKey: Guid(db980241438f661438be017070a3d1d8) Importer(815301076,1909f56bfc062723c751e8b465ee728b)
Start importing Assets/StreamingAssets using Guid(db980241438f661438be017070a3d1d8) Importer(815301076,1909f56bfc062723c751e8b465ee728b)  -> (artifact id: '0dc7d67167460509fe5d9ddca78af609') in 0.008639 seconds 
========================================================================
Received Import Request.
  Time since last request: 190.212287 seconds.
  path: Assets/StreamingAssets/Freeze.gba
  artifactKey: Guid(56ce6a070a8cfae49beb7652feef3cee) Importer(815301076,1909f56bfc062723c751e8b465ee728b)
Start importing Assets/StreamingAssets/Freeze.gba using Guid(56ce6a070a8cfae49beb7652feef3cee) Importer(815301076,1909f56bfc062723c751e8b465ee728b)  -> (artifact id: 'd2f2ddc645a4189abdb3a5fe069e0037') in 0.020370 seconds 
========================================================================
Received Prepare
Registering precompiled user dll's ...
Registered in 0.013907 seconds.
Begin MonoManager ReloadAssembly
Native extension for WindowsStandalone target not found
Refreshing native plugins compatible for Editor in 1.14 ms, found 2 plugins.
Preloading 0 native plugins for Editor in 0.00 ms.
Mono: successfully reloaded assembly
- Completed reload, in  3.649 seconds
Domain Reload Profiling:
	ReloadAssembly (3649ms)
		BeginReloadAssembly (220ms)
			ExecutionOrderSort (0ms)
			DisableScriptedObjects (11ms)
			BackupInstance (0ms)
			ReleaseScriptingObjects (0ms)
			CreateAndSetChildDomain (78ms)
		EndReloadAssembly (3346ms)
			LoadAssemblies (200ms)
			RebuildTransferFunctionScriptingTraits (0ms)
			SetupTypeCache (739ms)
			ReleaseScriptCaches (2ms)
			RebuildScriptCaches (148ms)
			SetupLoadedEditorAssemblies (2043ms)
				LogAssemblyErrors (0ms)
				InitializePlatformSupportModulesInManaged (5ms)
				SetLoadedEditorAssemblies (1ms)
				RefreshPlugins (1ms)
				BeforeProcessingInitializeOnLoad (135ms)
				ProcessInitializeOnLoadAttributes (1873ms)
				ProcessInitializeOnLoadMethodAttributes (24ms)
				AfterProcessingInitializeOnLoad (4ms)
				EditorAssembliesLoaded (0ms)
			ExecutionOrderSort2 (0ms)
			AwakeInstancesAfterBackupRestoration (23ms)
Platform modules already initialized, skipping
Refreshing native plugins compatible for Editor in 1.37 ms, found 2 plugins.
Preloading 0 native plugins for Editor in 0.00 ms.
Unloading 3659 Unused Serialized files (Serialized files now loaded: 0)
System memory in use before: 184.1 MB.
System memory in use after: 180.0 MB.

Unloading 94 unused Assets to reduce memory usage. Loaded Objects now: 4261.
Total: 40.025300 ms (FindLiveObjects: 0.315900 ms CreateObjectMapping: 0.247400 ms MarkObjects: 36.027500 ms  DeleteObjects: 3.432300 ms)

AssetImportParameters requested are different than current active one (requested -> active):
  custom:framework-win-MediaFoundation: 216162199b28c13a410421893ffa2e32 -> 
  custom:video-decoder-ogg-theora: a1e56fd34408186e4bbccfd4996cb3dc -> 
  custom:container-muxer-webm: aa71ff27fc2769a1b78a27578f13a17b -> 
  custom:container-demuxer-webm: 4f35f7cbe854078d1ac9338744f61a02 -> 
  custom:container-demuxer-ogg: 62fdf1f143b41e24485cea50d1cbac27 -> 
  custom:video-encoder-webm-vp8: eb34c28f22e8b96e1ab97ce403110664 -> 
  custom:video-codec-MediaFoundation-h265: 746d11721c4dcdbdad8f713fa42b33f4 -> 
  custom:video-decoder-webm-vp8: 9c59270c3fd7afecdb556c50c9e8de78 -> 
  custom:audio-decoder-ogg-vorbis: bf7c407c2cedff20999df2af8eb42d56 -> 
  custom:audio-encoder-webm-vorbis: bf7c407c2cedff20999df2af8eb42d56 -> 
========================================================================
Received Prepare
Registering precompiled user dll's ...
Registered in 0.011623 seconds.
Begin MonoManager ReloadAssembly
Native extension for WindowsStandalone target not found
Refreshing native plugins compatible for Editor in 1.62 ms, found 2 plugins.
Preloading 0 native plugins for Editor in 0.00 ms.
Mono: successfully reloaded assembly
- Completed reload, in  3.066 seconds
Domain Reload Profiling:
	ReloadAssembly (3066ms)
		BeginReloadAssembly (203ms)
			ExecutionOrderSort (0ms)
			DisableScriptedObjects (7ms)
			BackupInstance (0ms)
			ReleaseScriptingObjects (0ms)
			CreateAndSetChildDomain (77ms)
		EndReloadAssembly (2777ms)
			LoadAssemblies (186ms)
			RebuildTransferFunctionScriptingTraits (0ms)
			SetupTypeCache (579ms)
			ReleaseScriptCaches (1ms)
			RebuildScriptCaches (61ms)
			SetupLoadedEditorAssemblies (1727ms)
				LogAssemblyErrors (0ms)
				InitializePlatformSupportModulesInManaged (6ms)
				SetLoadedEditorAssemblies (1ms)
				RefreshPlugins (2ms)
				BeforeProcessingInitializeOnLoad (137ms)
				ProcessInitializeOnLoadAttributes (1550ms)
				ProcessInitializeOnLoadMethodAttributes (26ms)
				AfterProcessingInitializeOnLoad (5ms)
				EditorAssembliesLoaded (0ms)
			ExecutionOrderSort2 (0ms)
			AwakeInstancesAfterBackupRestoration (21ms)
Platform modules already initialized, skipping
Refreshing native plugins compatible for Editor in 1.07 ms, found 2 plugins.
Preloading 0 native plugins for Editor in 0.00 ms.
Unloading 3659 Unused Serialized files (Serialized files now loaded: 0)
System memory in use before: 184.1 MB.
System memory in use after: 180.0 MB.

Unloading 94 unused Assets to reduce memory usage. Loaded Objects now: 4264.
Total: 40.012500 ms (FindLiveObjects: 0.343000 ms CreateObjectMapping: 0.264400 ms MarkObjects: 37.023200 ms  DeleteObjects: 2.380600 ms)

AssetImportParameters requested are different than current active one (requested -> active):
  custom:framework-win-MediaFoundation: 216162199b28c13a410421893ffa2e32 -> 
  custom:video-decoder-ogg-theora: a1e56fd34408186e4bbccfd4996cb3dc -> 
  custom:container-muxer-webm: aa71ff27fc2769a1b78a27578f13a17b -> 
  custom:container-demuxer-webm: 4f35f7cbe854078d1ac9338744f61a02 -> 
  custom:container-demuxer-ogg: 62fdf1f143b41e24485cea50d1cbac27 -> 
  custom:video-encoder-webm-vp8: eb34c28f22e8b96e1ab97ce403110664 -> 
  custom:video-codec-MediaFoundation-h265: 746d11721c4dcdbdad8f713fa42b33f4 -> 
  custom:video-decoder-webm-vp8: 9c59270c3fd7afecdb556c50c9e8de78 -> 
  custom:audio-decoder-ogg-vorbis: bf7c407c2cedff20999df2af8eb42d56 -> 
  custom:audio-encoder-webm-vorbis: bf7c407c2cedff20999df2af8eb42d56 -> 
========================================================================
Received Import Request.
  Time since last request: 1217.212285 seconds.
  path: Assets/new.fbx
  artifactKey: Guid(de97d180f1f3b754d96b9e117cf8512c) Importer(815301076,1909f56bfc062723c751e8b465ee728b)
Start importing Assets/new.fbx using Guid(de97d180f1f3b754d96b9e117cf8512c) Importer(815301076,1909f56bfc062723c751e8b465ee728b)  -> (artifact id: '05076a1cd4df9ee954425c997c21e826') in 1.542867 seconds 
========================================================================
Received Import Request.
  Time since last request: 547.105565 seconds.
  path: Assets/Kinect
  artifactKey: Guid(a5d6d861a3afeb740bf79035d0e14f18) Importer(815301076,1909f56bfc062723c751e8b465ee728b)
Start importing Assets/Kinect using Guid(a5d6d861a3afeb740bf79035d0e14f18) Importer(815301076,1909f56bfc062723c751e8b465ee728b)  -> (artifact id: '90b913993ab42e96d42ab711cb36c7b3') in 0.011662 seconds 
========================================================================
Received Import Request.
  Time since last request: 1.637871 seconds.
  path: Assets/Resources
  artifactKey: Guid(c6d211a2d658a5b4180a3d780cc210a7) Importer(815301076,1909f56bfc062723c751e8b465ee728b)
Start importing Assets/Resources using Guid(c6d211a2d658a5b4180a3d780cc210a7) Importer(815301076,1909f56bfc062723c751e8b465ee728b)  -> (artifact id: '466d065f7ddcd668184e2384bd73a7d8') in 0.009836 seconds 
========================================================================
Received Import Request.
  Time since last request: 0.822320 seconds.
  path: Assets/Signal
  artifactKey: Guid(9b84b756b8cd19546b6b30c79fe1a099) Importer(815301076,1909f56bfc062723c751e8b465ee728b)
Start importing Assets/Signal using Guid(9b84b756b8cd19546b6b30c79fe1a099) Importer(815301076,1909f56bfc062723c751e8b465ee728b)  -> (artifact id: '482db8afe6093c6a2e5ff76f498d5616') in 0.006186 seconds 
========================================================================
Received Import Request.
  Time since last request: 0.825409 seconds.
  path: Assets/Environment
  artifactKey: Guid(8d8da06649314d7498296c53b4a0a77a) Importer(815301076,1909f56bfc062723c751e8b465ee728b)
Start importing Assets/Environment using Guid(8d8da06649314d7498296c53b4a0a77a) Importer(815301076,1909f56bfc062723c751e8b465ee728b)  -> (artifact id: 'e73bbea624668358bff75d8c20b59bbd') in 0.005872 seconds 
========================================================================
Received Import Request.
  Time since last request: 6.950371 seconds.
  path: Assets/Scripts
  artifactKey: Guid(d945aebbdf256954aadf016c19fcea09) Importer(815301076,1909f56bfc062723c751e8b465ee728b)
Start importing Assets/Scripts using Guid(d945aebbdf256954aadf016c19fcea09) Importer(815301076,1909f56bfc062723c751e8b465ee728b)  -> (artifact id: 'f32055539877da04ccee34624ec3e7e2') in 0.005241 seconds 
========================================================================
Received Prepare
Registering precompiled user dll's ...
Registered in 0.012783 seconds.
Begin MonoManager ReloadAssembly
Native extension for WindowsStandalone target not found
Refreshing native plugins compatible for Editor in 0.85 ms, found 2 plugins.
Preloading 0 native plugins for Editor in 0.00 ms.
Mono: successfully reloaded assembly
- Completed reload, in  2.247 seconds
Domain Reload Profiling:
	ReloadAssembly (2247ms)
		BeginReloadAssembly (187ms)
			ExecutionOrderSort (0ms)
			DisableScriptedObjects (8ms)
			BackupInstance (0ms)
			ReleaseScriptingObjects (0ms)
			CreateAndSetChildDomain (67ms)
		EndReloadAssembly (1992ms)
			LoadAssemblies (150ms)
			RebuildTransferFunctionScriptingTraits (0ms)
			SetupTypeCache (445ms)
			ReleaseScriptCaches (1ms)
			RebuildScriptCaches (49ms)
			SetupLoadedEditorAssemblies (1243ms)
				LogAssemblyErrors (0ms)
				InitializePlatformSupportModulesInManaged (3ms)
				SetLoadedEditorAssemblies (1ms)
				RefreshPlugins (1ms)
				BeforeProcessingInitializeOnLoad (77ms)
				ProcessInitializeOnLoadAttributes (1144ms)
				ProcessInitializeOnLoadMethodAttributes (15ms)
				AfterProcessingInitializeOnLoad (2ms)
				EditorAssembliesLoaded (0ms)
			ExecutionOrderSort2 (0ms)
			AwakeInstancesAfterBackupRestoration (15ms)
Platform modules already initialized, skipping
Refreshing native plugins compatible for Editor in 0.75 ms, found 2 plugins.
Preloading 0 native plugins for Editor in 0.00 ms.
Unloading 3660 Unused Serialized files (Serialized files now loaded: 0)
System memory in use before: 185.3 MB.
System memory in use after: 181.2 MB.

Unloading 94 unused Assets to reduce memory usage. Loaded Objects now: 4304.
Total: 34.021400 ms (FindLiveObjects: 0.316500 ms CreateObjectMapping: 0.179700 ms MarkObjects: 31.134800 ms  DeleteObjects: 2.389200 ms)

AssetImportParameters requested are different than current active one (requested -> active):
  custom:framework-win-MediaFoundation: 216162199b28c13a410421893ffa2e32 -> 
  custom:video-decoder-ogg-theora: a1e56fd34408186e4bbccfd4996cb3dc -> 
  custom:container-muxer-webm: aa71ff27fc2769a1b78a27578f13a17b -> 
  custom:container-demuxer-webm: 4f35f7cbe854078d1ac9338744f61a02 -> 
  custom:container-demuxer-ogg: 62fdf1f143b41e24485cea50d1cbac27 -> 
  custom:video-encoder-webm-vp8: eb34c28f22e8b96e1ab97ce403110664 -> 
  custom:video-codec-MediaFoundation-h265: 746d11721c4dcdbdad8f713fa42b33f4 -> 
  custom:video-decoder-webm-vp8: 9c59270c3fd7afecdb556c50c9e8de78 -> 
  custom:audio-decoder-ogg-vorbis: bf7c407c2cedff20999df2af8eb42d56 -> 
  custom:audio-encoder-webm-vorbis: bf7c407c2cedff20999df2af8eb42d56 -> 
========================================================================
Received Import Request.
  Time since last request: 643.780705 seconds.
  path: Assets/Model/medcine.fbx
  artifactKey: Guid(9ded0f895cabffa4bbdbe2e216d18354) Importer(815301076,1909f56bfc062723c751e8b465ee728b)
Start importing Assets/Model/medcine.fbx using Guid(9ded0f895cabffa4bbdbe2e216d18354) Importer(815301076,1909f56bfc062723c751e8b465ee728b)  -> (artifact id: '33069904ae486a7e56f060b772b12dd9') in 0.187454 seconds 
========================================================================
Received Import Request.
  Time since last request: 0.000339 seconds.
  path: Assets/Model/po.fbx
  artifactKey: Guid(76c205fbdbe4e904faedaa9bdcbfd929) Importer(815301076,1909f56bfc062723c751e8b465ee728b)
Start importing Assets/Model/po.fbx using Guid(76c205fbdbe4e904faedaa9bdcbfd929) Importer(815301076,1909f56bfc062723c751e8b465ee728b)  -> (artifact id: '79a7669598f2813edb7becca968e5247') in 1.448173 seconds 
========================================================================
Received Import Request.
  Time since last request: 0.000283 seconds.
  path: Assets/Model/Erin
  artifactKey: Guid(8c2205a1536e32142aeb33f9a29d1251) Importer(815301076,1909f56bfc062723c751e8b465ee728b)
Start importing Assets/Model/Erin using Guid(8c2205a1536e32142aeb33f9a29d1251) Importer(815301076,1909f56bfc062723c751e8b465ee728b)  -> (artifact id: '6163e18d40f859811e2e6f2ee0b84bc8') in 0.008474 seconds 
========================================================================
Received Import Request.
  Time since last request: 35.169824 seconds.
  path: Assets/Model/Erin/Materials
  artifactKey: Guid(7655c35c5a7a1fd44b1b87239cf3ba83) Importer(815301076,1909f56bfc062723c751e8b465ee728b)
Start importing Assets/Model/Erin/Materials using Guid(7655c35c5a7a1fd44b1b87239cf3ba83) Importer(815301076,1909f56bfc062723c751e8b465ee728b)  -> (artifact id: '1804648348df701d2f98d49cd4e19e84') in 0.005225 seconds 
AssetImportWorkerClient::OnTransportError - code=2 error=End of file
